<?xml version="1.0" encoding="UTF-8"?>
<!-- Generated by org.testng.reporters.JUnitXMLReporter -->
<testsuite hostname="DESKTOP-PACOCH8" ignored="0" name="Test" tests="1" failures="0" timestamp="2019-10-08T17:28:08 IST" time="0.073" errors="0">
  <testcase name="@BeforeMethod browserstart" time="-1.570535888761E9" classname="com.qa.crm.TestNG.browserParametersTest">
    <failure type="org.testng.TestNGException" message="
Parameter &amp;apos;Browser&amp;apos; is required by BeforeMethod on method browserstart but has not been marked @Optional or defined
in C:\Users\Varma\eclipse-new -workspace\TestingMaven\src\test\java\com\qa\crm\TestNG\BrowserParamTestNG.XML">
      <![CDATA[org.testng.TestNGException: 
Parameter 'Browser' is required by BeforeMethod on method browserstart but has not been marked @Optional or defined
in C:\Users\Varma\eclipse-new -workspace\TestingMaven\src\test\java\com\qa\crm\TestNG\BrowserParamTestNG.XML
at java.util.ArrayList.forEach(ArrayList.java:1257)
... Removed 28 stack frames]]>
    </failure>
  </testcase> <!-- @BeforeMethod browserstart -->
  <testcase name="@AfterMethod browserclose" time="-1.570535888784E9" classname="com.qa.crm.TestNG.browserParametersTest">
    <skipped/>
  </testcase> <!-- @AfterMethod browserclose -->
  <testcase name="titleTest" time="0.0" classname="com.qa.crm.TestNG.browserParametersTest">
    <skipped/>
  </testcase> <!-- titleTest -->
</testsuite> <!-- Test -->
